edcollection/build/outputs/logs/manifest-merger-debug-report.txt
-- Merging decision tree log ---
manifest
ADDED from edcollection/edcollection/AndroidManifest.xml:1:1-353:12
INJECTED from edcollection/edcollection/AndroidManifest.xml:1:1-353:12
INJECTED from edcollection/edcollection/AndroidManifest.xml:1:1-353:12
MERGED from [:basicbusiness] AndroidManifest.xml:2:1-13:12
MERGED from [:winewidgets] AndroidManifest.xml:2:1-24:12
MERGED from [:win-android-map] AndroidManifest.xml:2:1-71:12
MERGED from [:winsensor] AndroidManifest.xml:2:1-48:12
MERGED from [:winmedia] AndroidManifest.xml:2:1-14:12
MERGED from [:win-android-res] AndroidManifest.xml:2:1-13:12
MERGED from [:win-android-util] AndroidManifest.xml:2:1-11:12
INJECTED from edcollection/edcollection/AndroidManifest.xml:1:1-353:12
INJECTED from edcollection/edcollection/AndroidManifest.xml:1:1-353:12
	package
		ADDED from edcollection/edcollection/AndroidManifest.xml:2:5-46
	android:versionName
		ADDED from edcollection/edcollection/AndroidManifest.xml:4:5-30
		INJECTED from edcollection/edcollection/AndroidManifest.xml
		INJECTED from edcollection/edcollection/AndroidManifest.xml
	xmlns:android
		ADDED from edcollection/edcollection/AndroidManifest.xml:1:11-69
	android:versionCode
		ADDED from edcollection/edcollection/AndroidManifest.xml:3:5-28
		INJECTED from edcollection/edcollection/AndroidManifest.xml
		INJECTED from edcollection/edcollection/AndroidManifest.xml
uses-sdk
ADDED from edcollection/edcollection/AndroidManifest.xml:6:5-8:41
MERGED from [:basicbusiness] AndroidManifest.xml:7:5-9:41
MERGED from [:basicbusiness] AndroidManifest.xml:7:5-9:41
MERGED from [:winewidgets] AndroidManifest.xml:7:5-9:41
MERGED from [:winewidgets] AndroidManifest.xml:7:5-9:41
MERGED from [:win-android-map] AndroidManifest.xml:7:5-9:41
MERGED from [:win-android-map] AndroidManifest.xml:7:5-9:41
MERGED from [:winsensor] AndroidManifest.xml:7:5-9:41
MERGED from [:winsensor] AndroidManifest.xml:7:5-9:41
MERGED from [:winmedia] AndroidManifest.xml:7:5-9:41
MERGED from [:winmedia] AndroidManifest.xml:7:5-9:41
MERGED from [:win-android-res] AndroidManifest.xml:7:5-9:41
MERGED from [:win-android-res] AndroidManifest.xml:7:5-9:41
MERGED from [:win-android-util] AndroidManifest.xml:7:5-9:41
MERGED from [:win-android-util] AndroidManifest.xml:7:5-9:41
	android:targetSdkVersion
		ADDED from edcollection/edcollection/AndroidManifest.xml:8:9-38
	android:minSdkVersion
		ADDED from edcollection/edcollection/AndroidManifest.xml:7:9-35
uses-permission#android.permission.INTERNET
ADDED from edcollection/edcollection/AndroidManifest.xml:10:5-67
MERGED from [:winewidgets] AndroidManifest.xml:13:5-67
MERGED from [:winewidgets] AndroidManifest.xml:13:5-67
MERGED from [:win-android-map] AndroidManifest.xml:32:5-67
MERGED from [:win-android-map] AndroidManifest.xml:32:5-67
MERGED from [:winsensor] AndroidManifest.xml:16:5-67
MERGED from [:winsensor] AndroidManifest.xml:16:5-67
	android:name
		ADDED from edcollection/edcollection/AndroidManifest.xml:10:22-64
uses-permission#android.permission.ACCESS_NETWORK_STATE
ADDED from edcollection/edcollection/AndroidManifest.xml:11:5-79
MERGED from [:winewidgets] AndroidManifest.xml:11:5-79
MERGED from [:winewidgets] AndroidManifest.xml:11:5-79
MERGED from [:win-android-map] AndroidManifest.xml:20:5-21:23
MERGED from [:win-android-map] AndroidManifest.xml:20:5-21:23
MERGED from [:winsensor] AndroidManifest.xml:14:5-79
MERGED from [:winsensor] AndroidManifest.xml:14:5-79
	android:name
		ADDED from edcollection/edcollection/AndroidManifest.xml:11:22-76
uses-permission#android.permission.ACCESS_FINE_LOCATION
ADDED from edcollection/edcollection/AndroidManifest.xml:13:5-79
MERGED from [:win-android-map] AndroidManifest.xml:14:5-15:23
MERGED from [:win-android-map] AndroidManifest.xml:14:5-15:23
MERGED from [:winsensor] AndroidManifest.xml:12:5-79
MERGED from [:winsensor] AndroidManifest.xml:12:5-79
	android:name
		ADDED from edcollection/edcollection/AndroidManifest.xml:13:22-76
uses-permission#android.permission.ACCESS_COARSE_LOCATION
ADDED from edcollection/edcollection/AndroidManifest.xml:14:5-81
MERGED from [:win-android-map] AndroidManifest.xml:11:5-12:23
MERGED from [:win-android-map] AndroidManifest.xml:11:5-12:23
MERGED from [:winsensor] AndroidManifest.xml:11:5-81
MERGED from [:winsensor] AndroidManifest.xml:11:5-81
	android:name
		ADDED from edcollection/edcollection/AndroidManifest.xml:14:22-78
uses-permission#android.permission.MOUNT_UNMOUNT_FILESYSTEMS
ADDED from edcollection/edcollection/AndroidManifest.xml:16:5-84
MERGED from [:winewidgets] AndroidManifest.xml:15:5-84
MERGED from [:winewidgets] AndroidManifest.xml:15:5-84
MERGED from [:win-android-map] AndroidManifest.xml:34:5-35:23
MERGED from [:win-android-map] AndroidManifest.xml:34:5-35:23
	android:name
		ADDED from edcollection/edcollection/AndroidManifest.xml:16:22-81
uses-permission#android.permission.READ_EXTERNAL_STORAGE
ADDED from edcollection/edcollection/AndroidManifest.xml:17:5-80
	android:name
		ADDED from edcollection/edcollection/AndroidManifest.xml:17:22-77
uses-permission#android.permission.WRITE_EXTERNAL_STORAGE
ADDED from edcollection/edcollection/AndroidManifest.xml:18:5-81
MERGED from [:winewidgets] AndroidManifest.xml:14:5-81
MERGED from [:winewidgets] AndroidManifest.xml:14:5-81
MERGED from [:win-android-map] AndroidManifest.xml:29:5-30:23
MERGED from [:win-android-map] AndroidManifest.xml:29:5-30:23
MERGED from [:winsensor] AndroidManifest.xml:18:5-81
MERGED from [:winsensor] AndroidManifest.xml:18:5-81
	android:name
		ADDED from edcollection/edcollection/AndroidManifest.xml:18:22-78
uses-permission#android.permission.RESTART_PACKAGES
ADDED from edcollection/edcollection/AndroidManifest.xml:20:5-75
	android:name
		ADDED from edcollection/edcollection/AndroidManifest.xml:20:22-72
uses-permission#android.permission.GET_TASKS
ADDED from edcollection/edcollection/AndroidManifest.xml:21:5-68
	android:name
		ADDED from edcollection/edcollection/AndroidManifest.xml:21:22-65
uses-permission#android.permission.CALL_PHONE
ADDED from edcollection/edcollection/AndroidManifest.xml:23:5-69
	android:name
		ADDED from edcollection/edcollection/AndroidManifest.xml:23:22-66
uses-permission#android.permission.BLUETOOTH
ADDED from edcollection/edcollection/AndroidManifest.xml:25:5-68
MERGED from [:winsensor] AndroidManifest.xml:23:5-68
MERGED from [:winsensor] AndroidManifest.xml:23:5-68
	android:name
		ADDED from edcollection/edcollection/AndroidManifest.xml:25:22-65
uses-permission#android.permission.BLUETOOTH_ADMIN
ADDED from edcollection/edcollection/AndroidManifest.xml:26:5-74
MERGED from [:winsensor] AndroidManifest.xml:24:5-74
MERGED from [:winsensor] AndroidManifest.xml:24:5-74
	android:name
		ADDED from edcollection/edcollection/AndroidManifest.xml:26:22-71
uses-permission#android.permission.BLUETOOTH_PRIVILEGED
ADDED from edcollection/edcollection/AndroidManifest.xml:27:5-79
	android:name
		ADDED from edcollection/edcollection/AndroidManifest.xml:27:22-76
uses-permission#android.permission.READ_PHONE_STATE
ADDED from edcollection/edcollection/AndroidManifest.xml:28:5-75
MERGED from [:win-android-map] AndroidManifest.xml:26:5-27:23
MERGED from [:win-android-map] AndroidManifest.xml:26:5-27:23
MERGED from [:winsensor] AndroidManifest.xml:19:5-75
MERGED from [:winsensor] AndroidManifest.xml:19:5-75
	android:name
		ADDED from edcollection/edcollection/AndroidManifest.xml:28:22-72
uses-permission#android.permission.WAKE_LOCK
ADDED from edcollection/edcollection/AndroidManifest.xml:29:5-68
	android:name
		ADDED from edcollection/edcollection/AndroidManifest.xml:29:22-65
uses-permission#android.permission.ACCESS_WIFI_STATE
ADDED from edcollection/edcollection/AndroidManifest.xml:33:5-34:23
MERGED from [:winewidgets] AndroidManifest.xml:12:5-76
MERGED from [:winewidgets] AndroidManifest.xml:12:5-76
MERGED from [:win-android-map] AndroidManifest.xml:17:5-18:23
MERGED from [:win-android-map] AndroidManifest.xml:17:5-18:23
MERGED from [:winsensor] AndroidManifest.xml:13:5-76
MERGED from [:winsensor] AndroidManifest.xml:13:5-76
	android:name
		ADDED from edcollection/edcollection/AndroidManifest.xml:33:22-73
uses-permission#android.permission.CHANGE_WIFI_STATE
ADDED from edcollection/edcollection/AndroidManifest.xml:36:5-37:23
MERGED from [:win-android-map] AndroidManifest.xml:23:5-24:23
MERGED from [:win-android-map] AndroidManifest.xml:23:5-24:23
MERGED from [:winsensor] AndroidManifest.xml:15:5-76
MERGED from [:winsensor] AndroidManifest.xml:15:5-76
	android:name
		ADDED from edcollection/edcollection/AndroidManifest.xml:36:22-73
uses-permission#android.permission.RECORD_AUDIO
ADDED from edcollection/edcollection/AndroidManifest.xml:39:5-71
	android:name
		ADDED from edcollection/edcollection/AndroidManifest.xml:39:22-68
uses-permission#android.permission.NFC
ADDED from edcollection/edcollection/AndroidManifest.xml:41:5-62
MERGED from [:winsensor] AndroidManifest.xml:17:5-62
MERGED from [:winsensor] AndroidManifest.xml:17:5-62
	android:name
		ADDED from edcollection/edcollection/AndroidManifest.xml:41:22-59
uses-permission#android.permission.SYSTEM_ALERT_WINDOW
ADDED from edcollection/edcollection/AndroidManifest.xml:42:5-78
	android:name
		ADDED from edcollection/edcollection/AndroidManifest.xml:42:22-75
application
ADDED from edcollection/edcollection/AndroidManifest.xml:44:5-351:19
MERGED from [:basicbusiness] AndroidManifest.xml:11:5-20
MERGED from [:basicbusiness] AndroidManifest.xml:11:5-20
MERGED from [:winewidgets] AndroidManifest.xml:18:5-22:19
MERGED from [:winewidgets] AndroidManifest.xml:18:5-22:19
MERGED from [:win-android-map] AndroidManifest.xml:40:5-69:19
MERGED from [:win-android-map] AndroidManifest.xml:40:5-69:19
MERGED from [:winsensor] AndroidManifest.xml:30:5-46:19
MERGED from [:winsensor] AndroidManifest.xml:30:5-46:19
MERGED from [:winmedia] AndroidManifest.xml:11:5-12:19
MERGED from [:winmedia] AndroidManifest.xml:11:5-12:19
MERGED from [:win-android-res] AndroidManifest.xml:11:5-20
MERGED from [:win-android-res] AndroidManifest.xml:11:5-20
	android:label
		ADDED from edcollection/edcollection/AndroidManifest.xml:48:9-41
	android:largeHeap
		ADDED from edcollection/edcollection/AndroidManifest.xml:50:9-33
	android:icon
		ADDED from edcollection/edcollection/AndroidManifest.xml:47:9-45
	android:allowBackup
		ADDED from edcollection/edcollection/AndroidManifest.xml:46:9-35
	android:theme
		ADDED from edcollection/edcollection/AndroidManifest.xml:49:9-40
	android:name
		ADDED from edcollection/edcollection/AndroidManifest.xml:45:9-77
activity#com.winway.android.edcollection.login.activity.LoginActivity
ADDED from edcollection/edcollection/AndroidManifest.xml:53:9-63:20
	android:screenOrientation
		ADDED from edcollection/edcollection/AndroidManifest.xml:56:13-49
	android:label
		ADDED from edcollection/edcollection/AndroidManifest.xml:55:13-45
	android:theme
		ADDED from edcollection/edcollection/AndroidManifest.xml:57:13-60
	android:name
		ADDED from edcollection/edcollection/AndroidManifest.xml:54:13-57
intent-filter#android.intent.action.MAIN+android.intent.category.LAUNCHER
ADDED from edcollection/edcollection/AndroidManifest.xml:58:13-62:29
action#android.intent.action.MAIN
ADDED from edcollection/edcollection/AndroidManifest.xml:59:17-69
	android:name
		ADDED from edcollection/edcollection/AndroidManifest.xml:59:25-66
category#android.intent.category.LAUNCHER
ADDED from edcollection/edcollection/AndroidManifest.xml:61:17-77
	android:name
		ADDED from edcollection/edcollection/AndroidManifest.xml:61:27-74
activity#com.winway.android.edcollection.project.activity.ProjectingActivity
ADDED from edcollection/edcollection/AndroidManifest.xml:64:9-68:20
	android:screenOrientation
		ADDED from edcollection/edcollection/AndroidManifest.xml:66:13-49
	android:theme
		ADDED from edcollection/edcollection/AndroidManifest.xml:67:13-60
	android:name
		ADDED from edcollection/edcollection/AndroidManifest.xml:65:13-64
activity#com.winway.android.edcollection.main.activity.MainActivity
ADDED from edcollection/edcollection/AndroidManifest.xml:69:9-74:20
	android:screenOrientation
		ADDED from edcollection/edcollection/AndroidManifest.xml:71:13-49
	android:windowSoftInputMode
		ADDED from edcollection/edcollection/AndroidManifest.xml:73:13-52
	android:theme
		ADDED from edcollection/edcollection/AndroidManifest.xml:72:13-60
	android:name
		ADDED from edcollection/edcollection/AndroidManifest.xml:70:13-55
activity#com.winway.android.edcollection.adding.activity.MarkerCollectActivity
ADDED from edcollection/edcollection/AndroidManifest.xml:75:9-80:20
	android:screenOrientation
		ADDED from edcollection/edcollection/AndroidManifest.xml:77:13-49
	android:windowSoftInputMode
		ADDED from edcollection/edcollection/AndroidManifest.xml:79:13-52
	android:theme
		ADDED from edcollection/edcollection/AndroidManifest.xml:78:13-60
	android:name
		ADDED from edcollection/edcollection/AndroidManifest.xml:76:13-66
activity#com.winway.android.edcollection.adding.activity.IntermediateHeadActivity
ADDED from edcollection/edcollection/AndroidManifest.xml:81:9-86:20
	android:screenOrientation
		ADDED from edcollection/edcollection/AndroidManifest.xml:83:13-49
	android:windowSoftInputMode
		ADDED from edcollection/edcollection/AndroidManifest.xml:85:13-52
	android:theme
		ADDED from edcollection/edcollection/AndroidManifest.xml:84:13-66
	android:name
		ADDED from edcollection/edcollection/AndroidManifest.xml:82:13-69
activity#com.winway.android.edcollection.adding.activity.LableActivity
ADDED from edcollection/edcollection/AndroidManifest.xml:87:9-92:20
	android:screenOrientation
		ADDED from edcollection/edcollection/AndroidManifest.xml:89:13-49
	android:windowSoftInputMode
		ADDED from edcollection/edcollection/AndroidManifest.xml:91:13-52
	android:theme
		ADDED from edcollection/edcollection/AndroidManifest.xml:90:13-66
	android:name
		ADDED from edcollection/edcollection/AndroidManifest.xml:88:13-58
activity#com.winway.android.edcollection.adding.activity.TowerActivity
ADDED from edcollection/edcollection/AndroidManifest.xml:93:9-98:20
	android:screenOrientation
		ADDED from edcollection/edcollection/AndroidManifest.xml:95:13-49
	android:windowSoftInputMode
		ADDED from edcollection/edcollection/AndroidManifest.xml:97:13-52
	android:theme
		ADDED from edcollection/edcollection/AndroidManifest.xml:96:13-66
	android:name
		ADDED from edcollection/edcollection/AndroidManifest.xml:94:13-58
activity#com.winway.android.edcollection.adding.activity.TransformerActivity
ADDED from edcollection/edcollection/AndroidManifest.xml:99:9-104:20
	android:screenOrientation
		ADDED from edcollection/edcollection/AndroidManifest.xml:101:13-49
	android:windowSoftInputMode
		ADDED from edcollection/edcollection/AndroidManifest.xml:103:13-52
	android:theme
		ADDED from edcollection/edcollection/AndroidManifest.xml:102:13-66
	android:name
		ADDED from edcollection/edcollection/AndroidManifest.xml:100:13-64
activity#com.winway.android.edcollection.adding.activity.WorkWellActivity
ADDED from edcollection/edcollection/AndroidManifest.xml:105:9-110:20
	android:screenOrientation
		ADDED from edcollection/edcollection/AndroidManifest.xml:107:13-49
	android:windowSoftInputMode
		ADDED from edcollection/edcollection/AndroidManifest.xml:109:13-52
	android:theme
		ADDED from edcollection/edcollection/AndroidManifest.xml:108:13-66
	android:name
		ADDED from edcollection/edcollection/AndroidManifest.xml:106:13-61
activity#com.winway.android.edcollection.adding.activity.CabinetOrBoxActivity
ADDED from edcollection/edcollection/AndroidManifest.xml:117:9-121:20
	android:screenOrientation
		ADDED from edcollection/edcollection/AndroidManifest.xml:119:13-49
	android:theme
		ADDED from edcollection/edcollection/AndroidManifest.xml:120:13-66
	android:name
		ADDED from edcollection/edcollection/AndroidManifest.xml:118:13-65
activity#com.winway.android.edcollection.adding.activity.SubstationActivity
ADDED from edcollection/edcollection/AndroidManifest.xml:122:9-127:20
	android:screenOrientation
		ADDED from edcollection/edcollection/AndroidManifest.xml:124:13-49
	android:windowSoftInputMode
		ADDED from edcollection/edcollection/AndroidManifest.xml:126:13-52
	android:theme
		ADDED from edcollection/edcollection/AndroidManifest.xml:125:13-66
	android:name
		ADDED from edcollection/edcollection/AndroidManifest.xml:123:13-63
activity#com.winway.android.edcollection.adding.activity.DistributionRoomActivity
ADDED from edcollection/edcollection/AndroidManifest.xml:128:9-133:20
	android:screenOrientation
		ADDED from edcollection/edcollection/AndroidManifest.xml:130:13-49
	android:windowSoftInputMode
		ADDED from edcollection/edcollection/AndroidManifest.xml:132:13-52
	android:theme
		ADDED from edcollection/edcollection/AndroidManifest.xml:131:13-66
	android:name
		ADDED from edcollection/edcollection/AndroidManifest.xml:129:13-69
activity#com.winway.android.edcollection.adding.activity.AddTempLineActivity
ADDED from edcollection/edcollection/AndroidManifest.xml:138:9-142:20
	android:screenOrientation
		ADDED from edcollection/edcollection/AndroidManifest.xml:140:13-49
	android:theme
		ADDED from edcollection/edcollection/AndroidManifest.xml:141:13-66
	android:name
		ADDED from edcollection/edcollection/AndroidManifest.xml:139:13-64
activity#com.winway.android.edcollection.adding.activity.LineNameActivity
ADDED from edcollection/edcollection/AndroidManifest.xml:143:9-148:20
	android:screenOrientation
		ADDED from edcollection/edcollection/AndroidManifest.xml:145:13-49
	android:windowSoftInputMode
		ADDED from edcollection/edcollection/AndroidManifest.xml:146:13-54
	android:theme
		ADDED from edcollection/edcollection/AndroidManifest.xml:147:13-66
	android:name
		ADDED from edcollection/edcollection/AndroidManifest.xml:144:13-61
activity#com.winway.android.edcollection.adding.activity.SelectLineActivity
ADDED from edcollection/edcollection/AndroidManifest.xml:149:9-153:20
	android:screenOrientation
		ADDED from edcollection/edcollection/AndroidManifest.xml:151:13-49
	android:theme
		ADDED from edcollection/edcollection/AndroidManifest.xml:152:13-66
	android:name
		ADDED from edcollection/edcollection/AndroidManifest.xml:150:13-63
activity#com.winway.android.edcollection.adding.activity.KgzActivity
ADDED from edcollection/edcollection/AndroidManifest.xml:154:9-159:20
	android:screenOrientation
		ADDED from edcollection/edcollection/AndroidManifest.xml:156:13-49
	android:windowSoftInputMode
		ADDED from edcollection/edcollection/AndroidManifest.xml:158:13-52
	android:theme
		ADDED from edcollection/edcollection/AndroidManifest.xml:157:13-66
	android:name
		ADDED from edcollection/edcollection/AndroidManifest.xml:155:13-56
activity#com.winway.android.edcollection.adding.activity.ChannelDLQActivity
ADDED from edcollection/edcollection/AndroidManifest.xml:160:9-165:20
	android:screenOrientation
		ADDED from edcollection/edcollection/AndroidManifest.xml:162:13-49
	android:windowSoftInputMode
		ADDED from edcollection/edcollection/AndroidManifest.xml:164:13-52
	android:theme
		ADDED from edcollection/edcollection/AndroidManifest.xml:163:13-66
	android:name
		ADDED from edcollection/edcollection/AndroidManifest.xml:161:13-63
activity#com.winway.android.edcollection.adding.activity.ChannelDLGActivity
ADDED from edcollection/edcollection/AndroidManifest.xml:166:9-171:20
	android:screenOrientation
		ADDED from edcollection/edcollection/AndroidManifest.xml:168:13-49
	android:windowSoftInputMode
		ADDED from edcollection/edcollection/AndroidManifest.xml:170:13-52
	android:theme
		ADDED from edcollection/edcollection/AndroidManifest.xml:169:13-66
	android:name
		ADDED from edcollection/edcollection/AndroidManifest.xml:167:13-63
activity#com.winway.android.edcollection.adding.activity.ChannelDLGDActivity
ADDED from edcollection/edcollection/AndroidManifest.xml:172:9-177:20
	android:screenOrientation
		ADDED from edcollection/edcollection/AndroidManifest.xml:174:13-49
	android:windowSoftInputMode
		ADDED from edcollection/edcollection/AndroidManifest.xml:176:13-52
	android:theme
		ADDED from edcollection/edcollection/AndroidManifest.xml:175:13-66
	android:name
		ADDED from edcollection/edcollection/AndroidManifest.xml:173:13-64
activity#com.winway.android.edcollection.adding.activity.ChannelDLSDActivity
ADDED from edcollection/edcollection/AndroidManifest.xml:178:9-183:20
	android:screenOrientation
		ADDED from edcollection/edcollection/AndroidManifest.xml:180:13-49
	android:windowSoftInputMode
		ADDED from edcollection/edcollection/AndroidManifest.xml:182:13-52
	android:theme
		ADDED from edcollection/edcollection/AndroidManifest.xml:181:13-66
	android:name
		ADDED from edcollection/edcollection/AndroidManifest.xml:179:13-64
activity#com.winway.android.edcollection.adding.activity.ChannelDGActivity
ADDED from edcollection/edcollection/AndroidManifest.xml:184:9-189:20
	android:screenOrientation
		ADDED from edcollection/edcollection/AndroidManifest.xml:186:13-49
	android:windowSoftInputMode
		ADDED from edcollection/edcollection/AndroidManifest.xml:188:13-52
	android:theme
		ADDED from edcollection/edcollection/AndroidManifest.xml:187:13-66
	android:name
		ADDED from edcollection/edcollection/AndroidManifest.xml:185:13-62
activity#com.winway.android.edcollection.adding.activity.DypdxActivity
ADDED from edcollection/edcollection/AndroidManifest.xml:190:9-195:20
	android:screenOrientation
		ADDED from edcollection/edcollection/AndroidManifest.xml:192:13-49
	android:windowSoftInputMode
		ADDED from edcollection/edcollection/AndroidManifest.xml:194:13-52
	android:theme
		ADDED from edcollection/edcollection/AndroidManifest.xml:193:13-66
	android:name
		ADDED from edcollection/edcollection/AndroidManifest.xml:191:13-58
activity#com.winway.android.edcollection.adding.activity.DydlfzxActivity
ADDED from edcollection/edcollection/AndroidManifest.xml:196:9-201:20
	android:screenOrientation
		ADDED from edcollection/edcollection/AndroidManifest.xml:198:13-49
	android:windowSoftInputMode
		ADDED from edcollection/edcollection/AndroidManifest.xml:200:13-52
	android:theme
		ADDED from edcollection/edcollection/AndroidManifest.xml:199:13-66
	android:name
		ADDED from edcollection/edcollection/AndroidManifest.xml:197:13-60
activity#com.winway.android.edcollection.adding.activity.HwgActivity
ADDED from edcollection/edcollection/AndroidManifest.xml:202:9-207:20
	android:screenOrientation
		ADDED from edcollection/edcollection/AndroidManifest.xml:204:13-49
	android:windowSoftInputMode
		ADDED from edcollection/edcollection/AndroidManifest.xml:206:13-52
	android:theme
		ADDED from edcollection/edcollection/AndroidManifest.xml:205:13-66
	android:name
		ADDED from edcollection/edcollection/AndroidManifest.xml:203:13-56
activity#com.winway.android.edcollection.adding.activity.DlfzxActivity
ADDED from edcollection/edcollection/AndroidManifest.xml:208:9-213:20
	android:screenOrientation
		ADDED from edcollection/edcollection/AndroidManifest.xml:210:13-49
	android:windowSoftInputMode
		ADDED from edcollection/edcollection/AndroidManifest.xml:212:13-52
	android:theme
		ADDED from edcollection/edcollection/AndroidManifest.xml:211:13-66
	android:name
		ADDED from edcollection/edcollection/AndroidManifest.xml:209:13-58
activity#com.winway.android.edcollection.adding.activity.ChannelDLZMActivity
ADDED from edcollection/edcollection/AndroidManifest.xml:214:9-219:20
	android:screenOrientation
		ADDED from edcollection/edcollection/AndroidManifest.xml:216:13-49
	android:windowSoftInputMode
		ADDED from edcollection/edcollection/AndroidManifest.xml:218:13-52
	android:theme
		ADDED from edcollection/edcollection/AndroidManifest.xml:217:13-66
	android:name
		ADDED from edcollection/edcollection/AndroidManifest.xml:215:13-64
activity#com.winway.android.edcollection.adding.activity.ChannelJkActivity
ADDED from edcollection/edcollection/AndroidManifest.xml:220:9-225:20
	android:screenOrientation
		ADDED from edcollection/edcollection/AndroidManifest.xml:222:13-49
	android:windowSoftInputMode
		ADDED from edcollection/edcollection/AndroidManifest.xml:224:13-52
	android:theme
		ADDED from edcollection/edcollection/AndroidManifest.xml:223:13-66
	android:name
		ADDED from edcollection/edcollection/AndroidManifest.xml:221:13-62
activity#com.winway.android.edcollection.adding.activity.ChannelDLCActivity
ADDED from edcollection/edcollection/AndroidManifest.xml:226:9-230:64
	android:screenOrientation
		ADDED from edcollection/edcollection/AndroidManifest.xml:228:13-49
	android:windowSoftInputMode
		ADDED from edcollection/edcollection/AndroidManifest.xml:230:13-52
	android:theme
		ADDED from edcollection/edcollection/AndroidManifest.xml:229:13-66
	android:name
		ADDED from edcollection/edcollection/AndroidManifest.xml:227:13-63
activity#com.winway.android.edcollection.adding.activity.XsbdzActivity
ADDED from edcollection/edcollection/AndroidManifest.xml:239:9-244:20
	android:screenOrientation
		ADDED from edcollection/edcollection/AndroidManifest.xml:241:13-49
	android:windowSoftInputMode
		ADDED from edcollection/edcollection/AndroidManifest.xml:243:13-52
	android:theme
		ADDED from edcollection/edcollection/AndroidManifest.xml:242:13-66
	android:name
		ADDED from edcollection/edcollection/AndroidManifest.xml:240:13-58
activity#com.winway.android.edcollection.task.activity.TaskDetailActivity
ADDED from edcollection/edcollection/AndroidManifest.xml:245:9-249:20
	android:screenOrientation
		ADDED from edcollection/edcollection/AndroidManifest.xml:247:13-49
	android:theme
		ADDED from edcollection/edcollection/AndroidManifest.xml:248:13-66
	android:name
		ADDED from edcollection/edcollection/AndroidManifest.xml:246:13-61
activity#com.winway.android.edcollection.task.activity.EmTaskDetailActivity
ADDED from edcollection/edcollection/AndroidManifest.xml:250:9-254:20
	android:screenOrientation
		ADDED from edcollection/edcollection/AndroidManifest.xml:252:13-49
	android:theme
		ADDED from edcollection/edcollection/AndroidManifest.xml:253:13-66
	android:name
		ADDED from edcollection/edcollection/AndroidManifest.xml:251:13-63
activity#com.winway.android.edcollection.adding.activity.SelectDeviceActivity
ADDED from edcollection/edcollection/AndroidManifest.xml:255:9-259:20
	android:screenOrientation
		ADDED from edcollection/edcollection/AndroidManifest.xml:257:13-49
	android:theme
		ADDED from edcollection/edcollection/AndroidManifest.xml:258:13-66
	android:name
		ADDED from edcollection/edcollection/AndroidManifest.xml:256:13-65
activity#com.winway.android.edcollection.adding.activity.JgActivity
ADDED from edcollection/edcollection/AndroidManifest.xml:260:9-265:20
	android:screenOrientation
		ADDED from edcollection/edcollection/AndroidManifest.xml:262:13-49
	android:windowSoftInputMode
		ADDED from edcollection/edcollection/AndroidManifest.xml:264:13-52
	android:theme
		ADDED from edcollection/edcollection/AndroidManifest.xml:263:13-66
	android:name
		ADDED from edcollection/edcollection/AndroidManifest.xml:261:13-55
activity#com.winway.android.edcollection.adding.activity.ChannelEditActivity
ADDED from edcollection/edcollection/AndroidManifest.xml:266:9-270:20
	android:screenOrientation
		ADDED from edcollection/edcollection/AndroidManifest.xml:268:13-49
	android:theme
		ADDED from edcollection/edcollection/AndroidManifest.xml:269:13-66
	android:name
		ADDED from edcollection/edcollection/AndroidManifest.xml:267:13-64
activity#com.winway.android.edcollection.adding.activity.ChannelSelectActivity
ADDED from edcollection/edcollection/AndroidManifest.xml:271:9-275:20
	android:screenOrientation
		ADDED from edcollection/edcollection/AndroidManifest.xml:273:13-49
	android:theme
		ADDED from edcollection/edcollection/AndroidManifest.xml:274:13-66
	android:name
		ADDED from edcollection/edcollection/AndroidManifest.xml:272:13-97
activity#com.winway.android.edcollection.login.activity.SettingServerAddressActivity
ADDED from edcollection/edcollection/AndroidManifest.xml:276:9-280:20
	android:screenOrientation
		ADDED from edcollection/edcollection/AndroidManifest.xml:278:13-49
	android:theme
		ADDED from edcollection/edcollection/AndroidManifest.xml:279:13-66
	android:name
		ADDED from edcollection/edcollection/AndroidManifest.xml:277:13-103
activity#com.winway.android.edcollection.rtk.activity.DiscoveryActivity
ADDED from edcollection/edcollection/AndroidManifest.xml:281:9-285:20
	android:screenOrientation
		ADDED from edcollection/edcollection/AndroidManifest.xml:283:13-49
	android:theme
		ADDED from edcollection/edcollection/AndroidManifest.xml:284:13-66
	android:name
		ADDED from edcollection/edcollection/AndroidManifest.xml:282:13-59
activity#com.winway.android.sensor.label.LabelReadActivity
ADDED from edcollection/edcollection/AndroidManifest.xml:286:9-290:20
	android:screenOrientation
		ADDED from edcollection/edcollection/AndroidManifest.xml:288:13-49
	android:theme
		ADDED from edcollection/edcollection/AndroidManifest.xml:289:13-88
	android:name
		ADDED from edcollection/edcollection/AndroidManifest.xml:287:13-77
activity#com.winway.android.sensor.marker.MarkerReadActivity
ADDED from edcollection/edcollection/AndroidManifest.xml:291:9-295:20
	android:screenOrientation
		ADDED from edcollection/edcollection/AndroidManifest.xml:293:13-49
	android:theme
		ADDED from edcollection/edcollection/AndroidManifest.xml:294:13-88
	android:name
		ADDED from edcollection/edcollection/AndroidManifest.xml:292:13-79
activity#com.winway.android.edcollection.adding.activity.ChannelPlanningActivity
ADDED from edcollection/edcollection/AndroidManifest.xml:296:9-300:20
	android:screenOrientation
		ADDED from edcollection/edcollection/AndroidManifest.xml:298:13-49
	android:theme
		ADDED from edcollection/edcollection/AndroidManifest.xml:299:13-66
	android:name
		ADDED from edcollection/edcollection/AndroidManifest.xml:297:13-99
activity#com.winway.android.edcollection.adding.activity.LookVRImageActivity
ADDED from edcollection/edcollection/AndroidManifest.xml:301:9-305:20
	android:screenOrientation